
main - 2022-09-19 09:47:44 - Category C++ created
main - 2022-09-19 09:48:07 - Category Python created
main - 2022-09-19 09:48:31 - Course Basic created
main - 2022-09-23 08:52:54 - Category Python created
main - 2022-09-23 09:15:53 - Category Python created
main - 2022-09-23 09:16:09 - Course Python Basic created
main - 2022-09-23 09:16:49 - Category Python created
main - 2022-09-23 09:17:00 - Course Python Basic created
main - 2022-09-23 09:17:56 - Category Python created
main - 2022-09-23 09:18:06 - Course Python Basic created
main - 2022-09-23 09:19:44 - Category Python created
main - 2022-09-23 09:19:54 - Course Python Basic created
main - 2022-09-23 09:46:00 - Category Python created
main - 2022-09-23 09:46:10 - Course Python Basic created
main - 2022-09-23 09:47:00 - Category Python Basic created
main - 2022-09-23 09:47:09 - Course Python Basic created
main - 2022-09-23 09:48:00 - Category Python created
main - 2022-09-23 09:48:09 - Course Python Basic created
main - 2022-09-24 08:24:41 - Category Python created
main - 2022-09-24 08:24:56 - Course Python Basic created
main - 2022-09-24 08:32:35 - Category Python created
main - 2022-09-24 08:32:47 - Course Python Basic created
main - 2022-09-24 08:34:06 - Category Python created
main - 2022-09-24 08:34:18 - Course Python Basic created
main - 2022-09-24 08:36:17 - Category Python created
main - 2022-09-24 08:36:26 - Course Python Basic created
main - 2022-09-24 08:37:20 - Category Python created
main - 2022-09-24 08:37:34 - Course Python Basic created
main - 2022-09-24 08:39:42 - Category Python created
main - 2022-09-24 08:39:51 - Course Python Basic created
main - 2022-09-24 08:40:40 - Category Python created
main - 2022-09-24 08:40:49 - Course Python Basic created
main - 2022-09-24 08:44:52 - Category Python created
main - 2022-09-24 08:45:02 - Course Python Basic created
main - 2022-09-24 09:14:41 - Category Python created
main - 2022-09-24 09:16:57 - Category C++ created
main - 2022-09-24 09:17:15 - Course Basic created
main - 2022-09-24 09:21:33 - Category C++ created
main - 2022-09-24 09:22:20 - Category C++ created
main - 2022-09-24 09:22:31 - Course Basic created
main - 2022-09-24 09:22:45 - Course Advanced created
main - 2022-09-24 09:22:59 - Category Python created
main - 2022-09-24 09:23:44 - Course Python Basic created
main - 2022-09-24 09:39:23 - Category C++ created
main - 2022-09-24 09:40:44 - Course Basic created
main - 2022-09-24 10:42:19 - Category C++ created
main - 2022-09-24 10:42:28 - Course Basic created
main - 2022-09-24 10:42:39 - Category Python created
main - 2022-09-24 10:42:50 - Course Python Basic created
main - 2022-09-24 10:44:15 - Category C++ created
main - 2022-09-24 10:44:24 - Course Basic created
main - 2022-09-24 10:44:32 - Category Python created
main - 2022-09-24 10:44:43 - Course Python Basic created
main - 2022-09-24 10:48:13 - Category C++ created
main - 2022-09-24 10:48:22 - Course Basic created
main - 2022-09-24 19:00:51 - Category Python created
main - 2022-09-24 19:01:02 - Course Python Basic created
main - 2022-09-24 19:08:15 - Category C++ created
main - 2022-09-24 19:08:27 - Course Basic created
main - 2022-09-24 19:19:31 - Category C++ created
main - 2022-09-24 19:19:44 - Course Basic created
main - 2022-09-24 19:19:54 - Course Advanced created
main - 2022-09-24 19:20:04 - Category Python created
main - 2022-09-24 19:20:14 - Course Python Basic created
main - 2022-09-24 19:20:43 - Course Djaongo REST Framework created
main - 2022-09-24 19:37:17 - Category C++ created
main - 2022-09-24 19:37:26 - Course Basic created
main - 2022-09-24 19:37:36 - Course Advanced created
main - 2022-09-24 19:37:45 - Category Python created
main - 2022-09-24 19:37:56 - Course Python Basic created
main - 2022-09-24 19:39:53 - Category C++ created
main - 2022-09-24 19:40:06 - Course Basic created
main - 2022-09-24 19:40:15 - Category Python created
main - 2022-09-24 19:40:23 - Course Python Basic created
main - 2022-09-24 19:42:28 - Category C++ created
main - 2022-09-24 19:42:38 - Course Basic created
main - 2022-09-24 19:43:11 - Category Python created
main - 2022-09-24 19:43:27 - Category Python Basic created
main - 2022-09-24 19:43:35 - Course Python Basic created
main - 2022-09-24 20:17:19 - Category C++ created
main - 2022-09-27 22:46:03 - Category C++ created
main - 2022-09-27 22:50:21 - Category Python created
main - 2022-09-27 22:55:55 - Category Python Basic created
main - 2022-09-27 22:57:40 - Category JavaScript created
main - 2022-09-27 23:06:20 - Category Java created
main - 2022-09-27 23:10:57 - Course Python Basic created
main - 2022-09-27 23:27:22 - Category Python created
main - 2022-09-27 23:27:46 - Course Python Basic created
main - 2022-09-28 00:18:39 - Category Python created
main - 2022-09-28 00:18:51 - Course Python Basic created
main - 2022-09-28 00:19:19 - Course Advanced created
main - 2022-09-28 00:33:43 - Course Django created
main - 2022-09-28 00:35:28 - Course Django REST created
main - 2022-09-28 07:33:18 - Category Python Basic created
main - 2022-09-28 08:44:30 - Category C++ created
main - 2022-09-28 08:45:34 - Category Python created
main - 2022-09-28 08:45:41 - Category C++ created
main - 2022-09-28 08:48:08 - Category C++ created
main - 2022-09-28 08:48:23 - Course Basic created
main - 2022-09-28 08:48:46 - Category Python created
main - 2022-09-28 08:49:02 - Course Python Basic created
main - 2022-09-28 09:05:27 - Course C++ Advanced created
main - 2022-09-28 09:07:11 - Course Django created
main - 2022-09-28 09:12:43 - Course Django REST created